Using pre-set license
Built from '2020.3/release' branch; Version is '2020.3.7f1 (dd97f2c94397) revision 14522354'; Using compiler version '192528614'; Build Type 'Release'
OS: 'Windows 10 Pro; OS build 22000.795; Version 2009; 64bit' Language: 'zh' Physical Memory: 16271 MB
BatchMode: 1, IsHumanControllingUs: 0, StartBugReporterOnCrash: 0, Is64bit: 1, IsPro: 0

 COMMAND LINE ARGUMENTS:
H:\Program Files (x86)\Unity\2020.3.7f1\Editor\Unity.exe
-adb2
-batchMode
-noUpm
-name
AssetImportWorker0
-projectPath
H:/GithubLib/Unity3DCrossSectionShader
-logFile
Logs/AssetImportWorker0.log
-srvPort
54409
Successfully changed project path to: H:/GithubLib/Unity3DCrossSectionShader
H:/GithubLib/Unity3DCrossSectionShader
Using Asset Import Pipeline V2.
Refreshing native plugins compatible for Editor in 33.66 ms, found 0 plugins.
Preloading 0 native plugins for Editor in 0.00 ms.
Initialize engine version: 2020.3.7f1 (dd97f2c94397)
[Subsystems] Discovering subsystems at path H:/Program Files (x86)/Unity/2020.3.7f1/Editor/Data/Resources/UnitySubsystems
[Subsystems] Discovering subsystems at path H:/GithubLib/Unity3DCrossSectionShader/Assets
GfxDevice: creating device client; threaded=0
Direct3D:
    Version:  Direct3D 11.0 [level 11.1]
    Renderer: NVIDIA GeForce RTX 2080 SUPER (ID=0x1e81)
    Vendor:   
    VRAM:     8010 MB
    Driver:   31.0.15.1659
Initialize mono
Mono path[0] = 'H:/Program Files (x86)/Unity/2020.3.7f1/Editor/Data/Managed'
Mono path[1] = 'H:/Program Files (x86)/Unity/2020.3.7f1/Editor/Data/MonoBleedingEdge/lib/mono/unityjit'
Mono config path = 'H:/Program Files (x86)/Unity/2020.3.7f1/Editor/Data/MonoBleedingEdge/etc'
Using monoOptions --debugger-agent=transport=dt_socket,embedding=1,server=y,suspend=n,address=127.0.0.1:56216
Begin MonoManager ReloadAssembly
Registering precompiled unity dll's ...
Register platform support module: H:/Program Files (x86)/Unity/2020.3.7f1/Editor/Data/PlaybackEngines/WindowsStandaloneSupport/UnityEditor.WindowsStandalone.Extensions.dll
Registered in 0.000605 seconds.
Native extension for WindowsStandalone target not found
Refreshing native plugins compatible for Editor in 28.36 ms, found 0 plugins.
Preloading 0 native plugins for Editor in 0.00 ms.
Mono: successfully reloaded assembly
- Completed reload, in  0.770 seconds
Platform modules already initialized, skipping
Registering precompiled user dll's ...
Registered in 0.001983 seconds.
Begin MonoManager ReloadAssembly
Native extension for WindowsStandalone target not found
Refreshing native plugins compatible for Editor in 0.47 ms, found 0 plugins.
Preloading 0 native plugins for Editor in 0.00 ms.
Mono: successfully reloaded assembly
- Completed reload, in  0.753 seconds
Platform modules already initialized, skipping
========================================================================
Worker process is ready to serve import requests
Launched and connected shader compiler UnityShaderCompiler.exe after 0.03 seconds
Refreshing native plugins compatible for Editor in 0.46 ms, found 0 plugins.
Preloading 0 native plugins for Editor in 0.00 ms.
Unloading 1808 Unused Serialized files (Serialized files now loaded: 0)
System memory in use before: 79.1 MB.
System memory in use after: 79.2 MB.

Unloading 53 unused Assets to reduce memory usage. Loaded Objects now: 2219.
Total: 3.951200 ms (FindLiveObjects: 0.141500 ms CreateObjectMapping: 0.078100 ms MarkObjects: 3.666800 ms  DeleteObjects: 0.064100 ms)

========================================================================
Received Import Request.
  path: Assets/Cross Section Shader/Shaders/StandardDoubleFace.shader
  artifactKey: Guid(d977badb8d897414181f5093d079766c) Importer(815301076,1909f56bfc062723c751e8b465ee728b)
Start importing Assets/Cross Section Shader/Shaders/StandardDoubleFace.shader using Guid(d977badb8d897414181f5093d079766c) Importer(815301076,1909f56bfc062723c751e8b465ee728b)  -> (artifact id: '85aa20bf6fa4c98136d08831780df507') in 0.024757 seconds
  Import took 0.026921 seconds .

========================================================================
Received Import Request.
  Time since last request: 0.000185 seconds.
  path: Assets/Cross Section Shader/Shaders/ThreeAAPlanesBSP.shader
  artifactKey: Guid(b42f1ab5d8353214ab7616620a82e483) Importer(815301076,1909f56bfc062723c751e8b465ee728b)
Start importing Assets/Cross Section Shader/Shaders/ThreeAAPlanesBSP.shader using Guid(b42f1ab5d8353214ab7616620a82e483) Importer(815301076,1909f56bfc062723c751e8b465ee728b)  -> (artifact id: '6acb5474d951bef7501b43494fa644e9') in 0.001534 seconds
  Import took 0.003238 seconds .

========================================================================
Received Import Request.
  Time since last request: 2.083245 seconds.
  path: Assets/Cross Section Shader/Shaders/DoubleFaceUnlit.shader
  artifactKey: Guid(54e980e744076634680e4ef4930a2873) Importer(815301076,1909f56bfc062723c751e8b465ee728b)
Start importing Assets/Cross Section Shader/Shaders/DoubleFaceUnlit.shader using Guid(54e980e744076634680e4ef4930a2873) Importer(815301076,1909f56bfc062723c751e8b465ee728b)  -> (artifact id: '10e15a6677741e34c1e9a044f782b05b') in 0.001448 seconds
  Import took 0.003417 seconds .

========================================================================
Received Import Request.
  Time since last request: 0.000980 seconds.
  path: Assets/Cross Section Shader/Shaders/DoubleFaceUnlit.shader
  artifactKey: Guid(54e980e744076634680e4ef4930a2873) Importer(815301076,1909f56bfc062723c751e8b465ee728b)
Start importing Assets/Cross Section Shader/Shaders/DoubleFaceUnlit.shader using Guid(54e980e744076634680e4ef4930a2873) Importer(815301076,1909f56bfc062723c751e8b465ee728b)  -> (artifact id: '10e15a6677741e34c1e9a044f782b05b') in 0.001447 seconds
  Import took 0.003438 seconds .

========================================================================
Received Prepare
Refreshing native plugins compatible for Editor in 6.32 ms, found 0 plugins.
Preloading 0 native plugins for Editor in 0.00 ms.
Unloading 42 Unused Serialized files (Serialized files now loaded: 0)
System memory in use before: 43.5 MB.
System memory in use after: 43.6 MB.

Unloading 42 unused Assets to reduce memory usage. Loaded Objects now: 2219.
Total: 4.114500 ms (FindLiveObjects: 0.238400 ms CreateObjectMapping: 0.073900 ms MarkObjects: 3.785700 ms  DeleteObjects: 0.015100 ms)

========================================================================
Received Prepare
Registering precompiled user dll's ...
Registered in 0.001750 seconds.
Begin MonoManager ReloadAssembly
Native extension for WindowsStandalone target not found
Refreshing native plugins compatible for Editor in 0.49 ms, found 0 plugins.
Preloading 0 native plugins for Editor in 0.00 ms.
Mono: successfully reloaded assembly
- Completed reload, in  0.699 seconds
Platform modules already initialized, skipping
Refreshing native plugins compatible for Editor in 0.50 ms, found 0 plugins.
Preloading 0 native plugins for Editor in 0.00 ms.
Unloading 1796 Unused Serialized files (Serialized files now loaded: 0)
System memory in use before: 78.4 MB.
System memory in use after: 78.5 MB.

Unloading 44 unused Assets to reduce memory usage. Loaded Objects now: 2222.
Total: 3.826000 ms (FindLiveObjects: 0.176300 ms CreateObjectMapping: 0.060900 ms MarkObjects: 3.569500 ms  DeleteObjects: 0.018300 ms)

========================================================================
Received Import Request.
  Time since last request: 99.248951 seconds.
  path: Assets/Cross Section Shader/Examples/Models/Worm_Gear_Motor_Side.obj
  artifactKey: Guid(014df7c191886b54c8c91d354fb65643) Importer(815301076,1909f56bfc062723c751e8b465ee728b)
Start importing Assets/Cross Section Shader/Examples/Models/Worm_Gear_Motor_Side.obj using Guid(014df7c191886b54c8c91d354fb65643) Importer(815301076,1909f56bfc062723c751e8b465ee728b)  -> (artifact id: 'd4eb4db17529238b84cccc133a8a7704') in 0.107022 seconds
  Import took 0.109392 seconds .

========================================================================
Received Import Request.
  Time since last request: 0.000484 seconds.
  path: Assets/Cross Section Shader/Examples/Models/Worm_Gear_Motor_Side.obj
  artifactKey: Guid(014df7c191886b54c8c91d354fb65643) Importer(815301076,1909f56bfc062723c751e8b465ee728b)
Start importing Assets/Cross Section Shader/Examples/Models/Worm_Gear_Motor_Side.obj using Guid(014df7c191886b54c8c91d354fb65643) Importer(815301076,1909f56bfc062723c751e8b465ee728b)  -> (artifact id: 'd4eb4db17529238b84cccc133a8a7704') in 0.012754 seconds
  Import took 0.015152 seconds .

========================================================================
Received Import Request.
  Time since last request: 95.221800 seconds.
  path: Assets/Cross Section Shader/Examples/Materials/B.mat
  artifactKey: Guid(28169edc7bcf37640b8c627811d5d7a3) Importer(815301076,1909f56bfc062723c751e8b465ee728b)
Start importing Assets/Cross Section Shader/Examples/Materials/B.mat using Guid(28169edc7bcf37640b8c627811d5d7a3) Importer(815301076,1909f56bfc062723c751e8b465ee728b)  -> (artifact id: 'd23d1dd92463106a0a8516be074dc86d') in 0.018611 seconds
  Import took 0.021276 seconds .

========================================================================
Received Import Request.
  Time since last request: 0.000162 seconds.
  path: Assets/Cross Section Shader/Examples/Materials/StencilledUnlit.mat
  artifactKey: Guid(6730943d219e0b644a77e48c751f8df6) Importer(815301076,1909f56bfc062723c751e8b465ee728b)
Start importing Assets/Cross Section Shader/Examples/Materials/StencilledUnlit.mat using Guid(6730943d219e0b644a77e48c751f8df6) Importer(815301076,1909f56bfc062723c751e8b465ee728b)  -> (artifact id: '221635b46f17c091dfc2dbebd0493000') in 0.005896 seconds
  Import took 0.008011 seconds .

========================================================================
Received Import Request.
  Time since last request: 0.000136 seconds.
  path: Assets/Cross Section Shader/Examples/Materials/defaultMat.mat
  artifactKey: Guid(eb322bc5933761d4fb98f8561eadae28) Importer(815301076,1909f56bfc062723c751e8b465ee728b)
Start importing Assets/Cross Section Shader/Examples/Materials/defaultMat.mat using Guid(eb322bc5933761d4fb98f8561eadae28) Importer(815301076,1909f56bfc062723c751e8b465ee728b)  -> (artifact id: '65568e4d26f0d0a3b442059cdc198041') in 0.005242 seconds
  Import took 0.007276 seconds .

========================================================================
Received Import Request.
  Time since last request: 0.000133 seconds.
  path: Assets/Cross Section Shader/Examples/Materials/G.mat
  artifactKey: Guid(fe10db9a758c54940b20534595745db1) Importer(815301076,1909f56bfc062723c751e8b465ee728b)
Start importing Assets/Cross Section Shader/Examples/Materials/G.mat using Guid(fe10db9a758c54940b20534595745db1) Importer(815301076,1909f56bfc062723c751e8b465ee728b)  -> (artifact id: '852812815d566339899ccb1ed51bb872') in 0.005057 seconds
  Import took 0.007219 seconds .

========================================================================
Received Import Request.
  Time since last request: 0.000142 seconds.
  path: Assets/Cross Section Shader/Examples/Materials/ThreeAAPlanesCrossSection.mat
  artifactKey: Guid(3820e99f5057dbf4f831f0f72d72a0b8) Importer(815301076,1909f56bfc062723c751e8b465ee728b)
Start importing Assets/Cross Section Shader/Examples/Materials/ThreeAAPlanesCrossSection.mat using Guid(3820e99f5057dbf4f831f0f72d72a0b8) Importer(815301076,1909f56bfc062723c751e8b465ee728b)  -> (artifact id: '701706adc526194f4a1bc7fbe2933321') in 0.206699 seconds
  Import took 0.208884 seconds .

========================================================================
Received Import Request.
  Time since last request: 0.000178 seconds.
  path: Assets/Cross Section Shader/Examples/Materials/R.mat
  artifactKey: Guid(5c48c2321d1002142b56e1e3a105c7db) Importer(815301076,1909f56bfc062723c751e8b465ee728b)
Start importing Assets/Cross Section Shader/Examples/Materials/R.mat using Guid(5c48c2321d1002142b56e1e3a105c7db) Importer(815301076,1909f56bfc062723c751e8b465ee728b)  -> (artifact id: '83ddb026ea1fdad59adbd31f59f1587d') in 0.004992 seconds
  Import took 0.007457 seconds .

========================================================================
Received Import Request.
  Time since last request: 0.000149 seconds.
  path: Assets/Cross Section Shader/Examples/Materials/OnePlaneCrossSection.mat
  artifactKey: Guid(20fb938f954d7a94a939b71d6351efb5) Importer(815301076,1909f56bfc062723c751e8b465ee728b)
Start importing Assets/Cross Section Shader/Examples/Materials/OnePlaneCrossSection.mat using Guid(20fb938f954d7a94a939b71d6351efb5) Importer(815301076,1909f56bfc062723c751e8b465ee728b)  -> (artifact id: 'dbfcc945e189d1a3ecd724b2d0ef645a') in 0.197417 seconds
  Import took 0.199536 seconds .

========================================================================
Received Import Request.
  Time since last request: 0.000153 seconds.
  path: Assets/Cross Section Shader/Examples/Materials/DoubleFaceTransparent.mat
  artifactKey: Guid(e1f5e546b3878d0469b1bc14be42baf5) Importer(815301076,1909f56bfc062723c751e8b465ee728b)
Start importing Assets/Cross Section Shader/Examples/Materials/DoubleFaceTransparent.mat using Guid(e1f5e546b3878d0469b1bc14be42baf5) Importer(815301076,1909f56bfc062723c751e8b465ee728b)  -> (artifact id: '1a83e8199204a792d072bc195426d589') in 0.009807 seconds
  Import took 0.012154 seconds .

========================================================================
Received Prepare
Registering precompiled user dll's ...
Registered in 0.001911 seconds.
Begin MonoManager ReloadAssembly
Native extension for WindowsStandalone target not found
Refreshing native plugins compatible for Editor in 0.54 ms, found 0 plugins.
Preloading 0 native plugins for Editor in 0.00 ms.
Mono: successfully reloaded assembly
- Completed reload, in  0.697 seconds
Platform modules already initialized, skipping
Refreshing native plugins compatible for Editor in 0.48 ms, found 0 plugins.
Preloading 0 native plugins for Editor in 0.00 ms.
Unloading 1796 Unused Serialized files (Serialized files now loaded: 0)
System memory in use before: 81.9 MB.
System memory in use after: 82.1 MB.

Unloading 44 unused Assets to reduce memory usage. Loaded Objects now: 2268.
Total: 4.254400 ms (FindLiveObjects: 0.163400 ms CreateObjectMapping: 0.054900 ms MarkObjects: 4.008200 ms  DeleteObjects: 0.026700 ms)

========================================================================
Received Prepare
Registering precompiled user dll's ...
Registered in 0.001833 seconds.
Begin MonoManager ReloadAssembly
Native extension for WindowsStandalone target not found
Refreshing native plugins compatible for Editor in 0.55 ms, found 0 plugins.
Preloading 0 native plugins for Editor in 0.00 ms.
Mono: successfully reloaded assembly
- Completed reload, in  0.724 seconds
Platform modules already initialized, skipping
Refreshing native plugins compatible for Editor in 0.46 ms, found 0 plugins.
Preloading 0 native plugins for Editor in 0.00 ms.
Unloading 1796 Unused Serialized files (Serialized files now loaded: 0)
System memory in use before: 82.0 MB.
System memory in use after: 82.1 MB.

Unloading 44 unused Assets to reduce memory usage. Loaded Objects now: 2271.
Total: 4.119700 ms (FindLiveObjects: 0.243700 ms CreateObjectMapping: 0.092700 ms MarkObjects: 3.758700 ms  DeleteObjects: 0.023300 ms)

========================================================================
Received Import Request.
  Time since last request: 286.499363 seconds.
  path: Assets/Cross Section Shader/Examples/Materials/StencilledUnlit.mat
  artifactKey: Guid(6730943d219e0b644a77e48c751f8df6) Importer(815301076,1909f56bfc062723c751e8b465ee728b)
Start importing Assets/Cross Section Shader/Examples/Materials/StencilledUnlit.mat using Guid(6730943d219e0b644a77e48c751f8df6) Importer(815301076,1909f56bfc062723c751e8b465ee728b)  -> (artifact id: 'd30d187eae1deb9f0d7a779742dc7350') in 0.046233 seconds
  Import took 0.048744 seconds .

========================================================================
Received Import Request.
  Time since last request: 47.069513 seconds.
  path: Assets/Cross Section Shader/Examples/Scripts/PositionController.cs
  artifactKey: Guid(24ba1d84c4fafaf4aaeefea7926033b1) Importer(815301076,1909f56bfc062723c751e8b465ee728b)
Start importing Assets/Cross Section Shader/Examples/Scripts/PositionController.cs using Guid(24ba1d84c4fafaf4aaeefea7926033b1) Importer(815301076,1909f56bfc062723c751e8b465ee728b)  -> (artifact id: 'b7d88fe7bbfe283784d982a23acd14b2') in 0.004917 seconds
  Import took 0.007506 seconds .

========================================================================
Received Import Request.
  Time since last request: 1.821858 seconds.
  path: Assets/Cross Section Shader/Examples/Scripts/SliderValueToText.cs
  artifactKey: Guid(ac995b6e69d633848ac7d5ff9afc36a3) Importer(815301076,1909f56bfc062723c751e8b465ee728b)
Start importing Assets/Cross Section Shader/Examples/Scripts/SliderValueToText.cs using Guid(ac995b6e69d633848ac7d5ff9afc36a3) Importer(815301076,1909f56bfc062723c751e8b465ee728b)  -> (artifact id: 'bb9c34a28e551d8a9d7ee009bbc95d0b') in 0.001486 seconds
  Import took 0.003740 seconds .

========================================================================
Received Import Request.
  Time since last request: 8.230725 seconds.
  path: Assets/Cross Section Shader/Examples/Scripts/RotationController.cs
  artifactKey: Guid(babfc89bbd223dd4397124f0450e145b) Importer(815301076,1909f56bfc062723c751e8b465ee728b)
Start importing Assets/Cross Section Shader/Examples/Scripts/RotationController.cs using Guid(babfc89bbd223dd4397124f0450e145b) Importer(815301076,1909f56bfc062723c751e8b465ee728b)  -> (artifact id: 'dc057b461149c9e8f17383bb10ab33b8') in 0.001461 seconds
  Import took 0.003670 seconds .

========================================================================
Received Import Request.
  Time since last request: 0.000175 seconds.
  path: Assets/Cross Section Shader/Examples/Scripts/RotationController.cs
  artifactKey: Guid(babfc89bbd223dd4397124f0450e145b) Importer(815301076,1909f56bfc062723c751e8b465ee728b)
Start importing Assets/Cross Section Shader/Examples/Scripts/RotationController.cs using Guid(babfc89bbd223dd4397124f0450e145b) Importer(815301076,1909f56bfc062723c751e8b465ee728b)  -> (artifact id: 'dc057b461149c9e8f17383bb10ab33b8') in 0.001242 seconds
  Import took 0.003277 seconds .

========================================================================
Received Import Request.
  Time since last request: 9.398953 seconds.
  path: Assets/Cross Section Shader/Scripts/OnePlaneCuttingController.cs
  artifactKey: Guid(c677c933585d0ee4dbfe7483ac9f8c84) Importer(815301076,1909f56bfc062723c751e8b465ee728b)
Start importing Assets/Cross Section Shader/Scripts/OnePlaneCuttingController.cs using Guid(c677c933585d0ee4dbfe7483ac9f8c84) Importer(815301076,1909f56bfc062723c751e8b465ee728b)  -> (artifact id: '597b6d42cef29cafcae4e0913919d197') in 0.001455 seconds
  Import took 0.003562 seconds .

========================================================================
Received Import Request.
  Time since last request: 0.000299 seconds.
  path: Assets/Cross Section Shader/Scripts/OnePlaneCuttingController.cs
  artifactKey: Guid(c677c933585d0ee4dbfe7483ac9f8c84) Importer(815301076,1909f56bfc062723c751e8b465ee728b)
Start importing Assets/Cross Section Shader/Scripts/OnePlaneCuttingController.cs using Guid(c677c933585d0ee4dbfe7483ac9f8c84) Importer(815301076,1909f56bfc062723c751e8b465ee728b)  -> (artifact id: '597b6d42cef29cafcae4e0913919d197') in 0.001244 seconds
  Import took 0.003351 seconds .

========================================================================
Received Import Request.
  Time since last request: 32.945439 seconds.
  path: Assets/Cross Section Shader/Examples/Textures/Diagonal.png
  artifactKey: Guid(1926d72aee6ebef42b5e5b0b3c715026) Importer(815301076,1909f56bfc062723c751e8b465ee728b)
Start importing Assets/Cross Section Shader/Examples/Textures/Diagonal.png using Guid(1926d72aee6ebef42b5e5b0b3c715026) Importer(815301076,1909f56bfc062723c751e8b465ee728b)  -> (artifact id: 'e9139d1a7b77701b6a2436f16fb57f72') in 0.032696 seconds
  Import took 0.034921 seconds .

========================================================================
Received Import Request.
  Time since last request: 2.258217 seconds.
  path: Assets/Cross Section Shader/Examples/Prefabs/Axis.prefab
  artifactKey: Guid(937d3d656fb0f784ab5b65e0ba66e93b) Importer(815301076,1909f56bfc062723c751e8b465ee728b)
Start importing Assets/Cross Section Shader/Examples/Prefabs/Axis.prefab using Guid(937d3d656fb0f784ab5b65e0ba66e93b) Importer(815301076,1909f56bfc062723c751e8b465ee728b)  -> (artifact id: '3121a0c5df6fada2252f460d04d8b4c3') in 0.015528 seconds
  Import took 0.017856 seconds .

========================================================================
Received Import Request.
  Time since last request: 0.000143 seconds.
  path: Assets/Cross Section Shader/Examples/Prefabs/Quad.prefab
  artifactKey: Guid(5c91c43b47f624a449843f4b1586d4ad) Importer(815301076,1909f56bfc062723c751e8b465ee728b)
Start importing Assets/Cross Section Shader/Examples/Prefabs/Quad.prefab using Guid(5c91c43b47f624a449843f4b1586d4ad) Importer(815301076,1909f56bfc062723c751e8b465ee728b)  -> (artifact id: '493d11b72b6df8a2dc9c87b5c931019b') in 0.006301 seconds
  Import took 0.008517 seconds .

========================================================================
Received Import Request.
  Time since last request: 312.632471 seconds.
  path: Assets/Cross Section Shader/Scripts/ThreeAAPlanesCuttingController.cs
  artifactKey: Guid(456cce9074a27954684af5a9a11c125b) Importer(815301076,1909f56bfc062723c751e8b465ee728b)
Start importing Assets/Cross Section Shader/Scripts/ThreeAAPlanesCuttingController.cs using Guid(456cce9074a27954684af5a9a11c125b) Importer(815301076,1909f56bfc062723c751e8b465ee728b)  -> (artifact id: '4094aae15d431e47d38201d9f93740b5') in 0.001835 seconds
  Import took 0.004445 seconds .

========================================================================
Received Import Request.
  Time since last request: 0.000442 seconds.
  path: Assets/Cross Section Shader/Scripts/ThreeAAPlanesCuttingController.cs
  artifactKey: Guid(456cce9074a27954684af5a9a11c125b) Importer(815301076,1909f56bfc062723c751e8b465ee728b)
Start importing Assets/Cross Section Shader/Scripts/ThreeAAPlanesCuttingController.cs using Guid(456cce9074a27954684af5a9a11c125b) Importer(815301076,1909f56bfc062723c751e8b465ee728b)  -> (artifact id: '4094aae15d431e47d38201d9f93740b5') in 0.001165 seconds
  Import took 0.003116 seconds .

========================================================================
Received Prepare
Registering precompiled user dll's ...
Registered in 0.002026 seconds.
Begin MonoManager ReloadAssembly
Native extension for WindowsStandalone target not found
Refreshing native plugins compatible for Editor in 0.50 ms, found 0 plugins.
Preloading 0 native plugins for Editor in 0.00 ms.
Mono: successfully reloaded assembly
- Completed reload, in  0.732 seconds
Platform modules already initialized, skipping
Refreshing native plugins compatible for Editor in 0.88 ms, found 0 plugins.
Preloading 0 native plugins for Editor in 0.00 ms.
Unloading 1796 Unused Serialized files (Serialized files now loaded: 0)
System memory in use before: 82.0 MB.
System memory in use after: 82.1 MB.

Unloading 44 unused Assets to reduce memory usage. Loaded Objects now: 2277.
Total: 4.666900 ms (FindLiveObjects: 0.254200 ms CreateObjectMapping: 0.095500 ms MarkObjects: 4.292300 ms  DeleteObjects: 0.023600 ms)

========================================================================
Received Prepare
Registering precompiled user dll's ...
Registered in 0.001730 seconds.
Begin MonoManager ReloadAssembly
Native extension for WindowsStandalone target not found
Refreshing native plugins compatible for Editor in 0.47 ms, found 0 plugins.
Preloading 0 native plugins for Editor in 0.00 ms.
Mono: successfully reloaded assembly
- Completed reload, in  0.698 seconds
Platform modules already initialized, skipping
Refreshing native plugins compatible for Editor in 0.52 ms, found 0 plugins.
Preloading 0 native plugins for Editor in 0.00 ms.
Unloading 1796 Unused Serialized files (Serialized files now loaded: 0)
System memory in use before: 82.0 MB.
System memory in use after: 82.1 MB.

Unloading 44 unused Assets to reduce memory usage. Loaded Objects now: 2280.
Total: 4.009100 ms (FindLiveObjects: 0.231000 ms CreateObjectMapping: 0.139000 ms MarkObjects: 3.612100 ms  DeleteObjects: 0.026200 ms)

========================================================================
Received Prepare
Registering precompiled user dll's ...
Registered in 0.001679 seconds.
Begin MonoManager ReloadAssembly
Native extension for WindowsStandalone target not found
Refreshing native plugins compatible for Editor in 0.49 ms, found 0 plugins.
Preloading 0 native plugins for Editor in 0.00 ms.
Mono: successfully reloaded assembly
- Completed reload, in  0.710 seconds
Platform modules already initialized, skipping
Refreshing native plugins compatible for Editor in 0.48 ms, found 0 plugins.
Preloading 0 native plugins for Editor in 0.00 ms.
Unloading 1796 Unused Serialized files (Serialized files now loaded: 0)
System memory in use before: 82.0 MB.
System memory in use after: 82.2 MB.

Unloading 44 unused Assets to reduce memory usage. Loaded Objects now: 2283.
Total: 4.009400 ms (FindLiveObjects: 0.239400 ms CreateObjectMapping: 0.085300 ms MarkObjects: 3.666700 ms  DeleteObjects: 0.017100 ms)

